<?xml version="1.0" encoding="UTF-8"?>
<!-- Generated by org.testng.reporters.JUnitReportReporter -->
<testsuite hostname="Rajesh" failures="0" tests="3" name="testscripts.Assertions" time="14.603" errors="0" timestamp="2024-11-28T08:58:22 IST" skipped="0">
  <testcase classname="testscripts.Assertions" name="assertSample" time="4.133"/>
  <system-out/>
  <testcase classname="testscripts.Assertions" name="verifyTwoInputFields" time="6.482"/>
  <system-out/>
  <testcase classname="testscripts.Assertions" name="softAsset" time="3.988"/>
  <system-out/>
</testsuite> <!-- testscripts.Assertions -->
