<?xml version="1.0" encoding="UTF-8"?>
<!-- Generated by org.testng.reporters.JUnitReportReporter -->
<testsuite hostname="Rajesh" failures="0" tests="2" name="testscripts.Annotations" time="0.020" errors="0" timestamp="2024-12-06T22:57:46 IST" skipped="0">
  <testcase classname="testscripts.Annotations" name="testCase1" time="0.016"/>
  <system-out/>
  <testcase classname="testscripts.Annotations" name="testCase2" time="0.004"/>
  <system-out/>
</testsuite> <!-- testscripts.Annotations -->
