<?xml version="1.0" encoding="UTF-8"?>
<!-- Generated by org.testng.reporters.JUnitReportReporter -->
<testsuite hostname="Rajesh" failures="0" tests="1" name="testscripts.ManageCategoryTest" time="5.560" errors="0" timestamp="2024-12-08T23:10:10 IST" skipped="0">
  <testcase classname="testscripts.ManageCategoryTest" name="verifyThatUserIsAbletoSearchACategory" time="5.560"/>
</testsuite> <!-- testscripts.ManageCategoryTest -->
