<?xml version="1.0" encoding="UTF-8"?>
<!-- Generated by org.testng.reporters.JUnitReportReporter -->
<testsuite hostname="Rajesh" failures="0" tests="1" name="testscripts.ManageFooterTextTest" time="6.061" errors="0" timestamp="2024-12-13T09:12:58 IST" skipped="0">
  <testcase classname="testscripts.ManageFooterTextTest" name="verifyUserIsAbleToUpdateFooter" time="6.061"/>
</testsuite> <!-- testscripts.ManageFooterTextTest -->
