<?xml version="1.0" encoding="UTF-8"?>
<!-- Generated by org.testng.reporters.JUnitReportReporter -->
<testsuite hostname="Rajesh" failures="0" tests="1" name="testscripts.SubCategoryTest" time="6.265" errors="0" timestamp="2024-12-09T23:16:28 IST" skipped="0">
  <testcase classname="testscripts.SubCategoryTest" name="verifyUserAbletoCreateSubCategory" time="6.265"/>
</testsuite> <!-- testscripts.SubCategoryTest -->
