<?xml version="1.0" encoding="UTF-8"?>
<!-- Generated by org.testng.reporters.JUnitReportReporter -->
<testsuite hostname="Rajesh" failures="0" tests="1" name="testscripts.SubCategoryTest" time="5.944" errors="0" timestamp="2024-12-11T09:12:47 IST" skipped="0">
  <testcase classname="testscripts.SubCategoryTest" name="verifyUserAbletoCreateSubCategory" time="5.944"/>
</testsuite> <!-- testscripts.SubCategoryTest -->
