<?xml version="1.0" encoding="UTF-8"?>
<!-- Generated by org.testng.reporters.JUnitReportReporter -->
<testsuite hostname="Rajesh" failures="0" tests="1" name="testscripts.AdminUsersTest" time="9.729" errors="0" timestamp="2024-12-10T08:20:12 IST" skipped="0">
  <testcase classname="testscripts.AdminUsersTest" name="verifyUserIsAbletoCreateanAdminUser" time="9.729"/>
</testsuite> <!-- testscripts.AdminUsersTest -->
