<?xml version="1.0" encoding="UTF-8"?>
<!-- Generated by org.testng.reporters.JUnitReportReporter -->
<testsuite hostname="Rajesh" failures="0" tests="1" name="testscripts.SubCategoryTest" time="8.229" errors="0" timestamp="2024-12-08T23:10:10 IST" skipped="0">
  <testcase classname="testscripts.SubCategoryTest" name="verifyUserAbletoCreateSubCategory" time="8.229"/>
</testsuite> <!-- testscripts.SubCategoryTest -->
