<?xml version="1.0" encoding="UTF-8"?>
<!-- Generated by org.testng.reporters.JUnitReportReporter -->
<testsuite hostname="Rajesh" failures="0" tests="1" name="testscripts.SearchNewsTest" time="6.147" errors="0" timestamp="2024-12-15T00:03:50 IST" skipped="0">
  <testcase classname="testscripts.SearchNewsTest" name="verifyThatUserisAbletoSearchtheNewsSuccessfully" time="6.147"/>
</testsuite> <!-- testscripts.SearchNewsTest -->
