<?xml version="1.0" encoding="UTF-8"?>
<!-- Generated by org.testng.reporters.JUnitReportReporter -->
<testsuite hostname="Rajesh" failures="0" tests="1" name="testscripts.SubCategoryTest" time="12.444" errors="0" timestamp="2024-12-02T23:58:02 IST" skipped="0">
  <testcase classname="testscripts.SubCategoryTest" name="verifyUserAbletoCreateSubCategory" time="12.444"/>
</testsuite> <!-- testscripts.SubCategoryTest -->
