<?xml version="1.0" encoding="UTF-8"?>
<!-- Generated by org.testng.reporters.JUnitReportReporter -->
<testsuite hostname="Rajesh" failures="0" tests="5" name="testscripts.LoginTest" time="21.328" errors="0" timestamp="2024-12-08T23:10:10 IST" skipped="0">
  <testcase classname="testscripts.LoginTest" name="verifyUserLoginwithInvalidUsernameAndInValidPassword" time="3.081"/>
  <testcase classname="testscripts.LoginTest" name="verifyUserLoginwithInvalidUsernameAndValidPassword" time="4.949"/>
  <testcase classname="testscripts.LoginTest" name="verifyUserLoginwithInvalidUsernameAndInValidPassword" time="4.100"/>
  <testcase classname="testscripts.LoginTest" name="verifyUserLoginWithCorrectUsernameAndPassword" time="5.004"/>
  <testcase classname="testscripts.LoginTest" name="verifyUserLoginwithvalidUsernameAndInValidPassword" time="4.194"/>
</testsuite> <!-- testscripts.LoginTest -->
