<?xml version="1.0" encoding="UTF-8"?>
<!-- Generated by org.testng.reporters.JUnitReportReporter -->
<testsuite hostname="Rajesh" failures="0" tests="2" name="testscripts.LoginTest" time="13.082" errors="0" timestamp="2024-12-10T20:46:55 IST" skipped="0">
  <testcase classname="testscripts.LoginTest" name="verifyUserLoginWithCorrectUsernameAndPassword" time="8.258"/>
  <testcase classname="testscripts.LoginTest" name="verifyUserLoginwithvalidUsernameAndInValidPassword" time="4.824"/>
</testsuite> <!-- testscripts.LoginTest -->
