<?xml version="1.0" encoding="UTF-8"?>
<!-- Generated by org.testng.reporters.JUnitReportReporter -->
<testsuite hostname="Rajesh" failures="0" tests="1" name="testscripts.ManageCategoryTest" time="3.977" errors="0" timestamp="2024-12-09T23:16:28 IST" skipped="0">
  <testcase classname="testscripts.ManageCategoryTest" name="verifyThatUserIsAbletoSearchACategory" time="3.977"/>
</testsuite> <!-- testscripts.ManageCategoryTest -->
