<?xml version="1.0" encoding="UTF-8"?>
<!-- Generated by org.testng.reporters.JUnitReportReporter -->
<testsuite hostname="Rajesh" failures="0" tests="1" name="testscripts.ManageNewsTest" time="5.332" errors="0" timestamp="2024-12-08T23:10:10 IST" skipped="0">
  <testcase classname="testscripts.ManageNewsTest" name="verifythatUserIsAbletoAddNews" time="5.332"/>
</testsuite> <!-- testscripts.ManageNewsTest -->
