<?xml version="1.0" encoding="UTF-8"?>
<!-- Generated by org.testng.reporters.JUnitReportReporter -->
<testsuite hostname="Rajesh" failures="0" tests="1" name="testscripts.ManageNewsTest" time="4.045" errors="0" timestamp="2024-12-11T09:12:47 IST" skipped="0">
  <testcase classname="testscripts.ManageNewsTest" name="verifythatUserIsAbletoAddNews" time="4.045"/>
</testsuite> <!-- testscripts.ManageNewsTest -->
