<?xml version="1.0" encoding="UTF-8"?>
<!-- Generated by org.testng.reporters.JUnitReportReporter -->
<testsuite hostname="Rajesh" failures="0" tests="5" name="testscripts.LoginTest" time="15.169" errors="0" timestamp="2024-12-11T09:12:47 IST" skipped="0">
  <testcase classname="testscripts.LoginTest" name="verifyUserLoginwithInvalidUsernameAndInValidPassword" time="3.428"/>
  <testcase classname="testscripts.LoginTest" name="verifyUserLoginwithInvalidUsernameAndInValidPassword" time="3.153"/>
  <testcase classname="testscripts.LoginTest" name="verifyUserLoginwithInvalidUsernameAndValidPassword" time="2.821"/>
  <testcase classname="testscripts.LoginTest" name="verifyUserLoginWithCorrectUsernameAndPassword" time="2.937"/>
  <testcase classname="testscripts.LoginTest" name="verifyUserLoginwithvalidUsernameAndInValidPassword" time="2.830"/>
</testsuite> <!-- testscripts.LoginTest -->
