<?xml version="1.0" encoding="UTF-8"?>
<!-- Generated by org.testng.reporters.JUnitReportReporter -->
<testsuite hostname="Rajesh" failures="0" tests="2" name="testscripts.AdminUsersTest" time="21.157" errors="0" timestamp="2024-12-16T09:34:24 IST" skipped="1">
  <testcase classname="testscripts.AdminUsersTest" name="verifyUserIsAbletoCreateanAdminUser" time="16.071">
    <skipped/>
  </testcase> <!-- verifyUserIsAbletoCreateanAdminUser -->
  <testcase classname="testscripts.AdminUsersTest" name="verifyUserIsAbletoCreateanAdminUser" time="5.086"/>
</testsuite> <!-- testscripts.AdminUsersTest -->
