<?xml version="1.0" encoding="UTF-8"?>
<!-- Generated by org.testng.reporters.JUnitReportReporter -->
<testsuite hostname="Rajesh" failures="0" tests="1" name="testscripts.ManageContactTest" time="6.132" errors="0" timestamp="2024-12-03T00:36:29 IST" skipped="0">
  <testcase classname="testscripts.ManageContactTest" name="VerifythatUserisAbletoUpdatetheContact" time="6.132"/>
</testsuite> <!-- testscripts.ManageContactTest -->
